<?xml version="1.0" encoding="UTF-8"?>
<testng-results skipped="0" failed="0" ignored="0" total="1" passed="1">
  <reporter-output>
  </reporter-output>
  <suite name="Default suite" duration-ms="11498" started-at="2019-09-17T07:10:53Z" finished-at="2019-09-17T07:11:05Z">
    <groups>
    </groups>
    <test name="Default test" duration-ms="11498" started-at="2019-09-17T07:10:53Z" finished-at="2019-09-17T07:11:05Z">
      <class name="com.qa.hs.test.LoginTest">
        <test-method status="PASS" signature="LoginTest()[pri:0, instance:com.qa.hs.test.LoginTest@26653222]" name="LoginTest" duration-ms="11445" started-at="2019-09-17T07:10:53Z" finished-at="2019-09-17T07:11:05Z">
          <reporter-output>
          </reporter-output>
        </test-method> <!-- LoginTest -->
      </class> <!-- com.qa.hs.test.LoginTest -->
    </test> <!-- Default test -->
  </suite> <!-- Default suite -->
</testng-results>
